1498044070.556017 client started (110874): version master, socket /tmp/tmux-1000/default, protocol 8
1498044070.556104 on Linux 4.4.0-79-generic #100-Ubuntu SMP Wed May 17 19:58:14 UTC 2017; libevent 2.0.21-stable (poll)
1498044070.556169 socket is /tmp/tmux-1000/default
1498044070.556194 trying connect
1498044070.556721 add peer 0x13e5990: 6 ((nil))
1498044070.556891 sending message 100 to peer 0x13e5990 (4 bytes)
1498044070.556917 sending message 101 to peer 0x13e5990 (16 bytes)
1498044070.556929 sending message 102 to peer 0x13e5990 (11 bytes)
1498044070.556940 sending message 108 to peer 0x13e5990 (59 bytes)
1498044070.556954 sending message 104 to peer 0x13e5990 (0 bytes)
1498044070.556964 sending message 107 to peer 0x13e5990 (4 bytes)
1498044070.556973 sending message 105 to peer 0x13e5990 (42 bytes)
1498044070.556984 sending message 105 to peer 0x13e5990 (43 bytes)
1498044070.556994 sending message 105 to peer 0x13e5990 (22 bytes)
1498044070.557004 sending message 105 to peer 0x13e5990 (21 bytes)
1498044070.557013 sending message 105 to peer 0x13e5990 (19 bytes)
1498044070.557023 sending message 105 to peer 0x13e5990 (98 bytes)
1498044070.557032 sending message 105 to peer 0x13e5990 (47 bytes)
1498044070.557043 sending message 105 to peer 0x13e5990 (19 bytes)
1498044070.557053 sending message 105 to peer 0x13e5990 (69 bytes)
1498044070.557062 sending message 105 to peer 0x13e5990 (11 bytes)
1498044070.557071 sending message 105 to peer 0x13e5990 (45 bytes)
1498044070.557081 sending message 105 to peer 0x13e5990 (11 bytes)
1498044070.557090 sending message 105 to peer 0x13e5990 (14 bytes)
1498044070.557099 sending message 105 to peer 0x13e5990 (15 bytes)
1498044070.557108 sending message 105 to peer 0x13e5990 (31 bytes)
1498044070.557117 sending message 105 to peer 0x13e5990 (19 bytes)
1498044070.557132 sending message 105 to peer 0x13e5990 (28 bytes)
1498044070.557142 sending message 105 to peer 0x13e5990 (20 bytes)
1498044070.557151 sending message 105 to peer 0x13e5990 (34 bytes)
1498044070.557160 sending message 105 to peer 0x13e5990 (40 bytes)
1498044070.557170 sending message 105 to peer 0x13e5990 (17 bytes)
1498044070.557179 sending message 105 to peer 0x13e5990 (24 bytes)
1498044070.557188 sending message 105 to peer 0x13e5990 (23 bytes)
1498044070.557197 sending message 105 to peer 0x13e5990 (21 bytes)
1498044070.557206 sending message 105 to peer 0x13e5990 (30 bytes)
1498044070.557215 sending message 105 to peer 0x13e5990 (27 bytes)
1498044070.557224 sending message 105 to peer 0x13e5990 (24 bytes)
1498044070.557233 sending message 105 to peer 0x13e5990 (20 bytes)
1498044070.557242 sending message 105 to peer 0x13e5990 (23 bytes)
1498044070.557251 sending message 105 to peer 0x13e5990 (21 bytes)
1498044070.557260 sending message 105 to peer 0x13e5990 (25 bytes)
1498044070.557269 sending message 105 to peer 0x13e5990 (20 bytes)
1498044070.557278 sending message 105 to peer 0x13e5990 (8 bytes)
1498044070.557287 sending message 105 to peer 0x13e5990 (17 bytes)
1498044070.557297 sending message 105 to peer 0x13e5990 (32 bytes)
1498044070.557307 sending message 105 to peer 0x13e5990 (1416 bytes)
1498044070.557337 sending message 105 to peer 0x13e5990 (50 bytes)
1498044070.557348 sending message 105 to peer 0x13e5990 (66 bytes)
1498044070.557358 sending message 105 to peer 0x13e5990 (11 bytes)
1498044070.557367 sending message 105 to peer 0x13e5990 (13 bytes)
1498044070.557377 sending message 105 to peer 0x13e5990 (334 bytes)
1498044070.557387 sending message 105 to peer 0x13e5990 (63 bytes)
1498044070.557397 sending message 105 to peer 0x13e5990 (18 bytes)
1498044070.557406 sending message 105 to peer 0x13e5990 (19 bytes)
1498044070.557415 sending message 105 to peer 0x13e5990 (18 bytes)
1498044070.557424 sending message 105 to peer 0x13e5990 (35 bytes)
1498044070.557434 sending message 105 to peer 0x13e5990 (33 bytes)
1498044070.557444 sending message 105 to peer 0x13e5990 (19 bytes)
1498044070.557453 sending message 105 to peer 0x13e5990 (8 bytes)
1498044070.557463 sending message 105 to peer 0x13e5990 (19 bytes)
1498044070.557491 sending message 105 to peer 0x13e5990 (47 bytes)
1498044070.557501 sending message 105 to peer 0x13e5990 (21 bytes)
1498044070.557511 sending message 105 to peer 0x13e5990 (37 bytes)
1498044070.557520 sending message 105 to peer 0x13e5990 (13 bytes)
1498044070.557529 sending message 105 to peer 0x13e5990 (55 bytes)
1498044070.557539 sending message 105 to peer 0x13e5990 (14 bytes)
1498044070.557548 sending message 105 to peer 0x13e5990 (18 bytes)
1498044070.557558 sending message 105 to peer 0x13e5990 (38 bytes)
1498044070.557567 sending message 105 to peer 0x13e5990 (41 bytes)
1498044070.557576 sending message 105 to peer 0x13e5990 (23 bytes)
1498044070.557637 sending message 105 to peer 0x13e5990 (81 bytes)
1498044070.557651 sending message 105 to peer 0x13e5990 (52 bytes)
1498044070.557661 sending message 105 to peer 0x13e5990 (31 bytes)
1498044070.557670 sending message 105 to peer 0x13e5990 (15 bytes)
1498044070.557679 sending message 105 to peer 0x13e5990 (52 bytes)
1498044070.557688 sending message 105 to peer 0x13e5990 (23 bytes)
1498044070.557698 sending message 105 to peer 0x13e5990 (18 bytes)
1498044070.557707 sending message 105 to peer 0x13e5990 (58 bytes)
1498044070.557717 sending message 105 to peer 0x13e5990 (21 bytes)
1498044070.557726 sending message 105 to peer 0x13e5990 (11 bytes)
1498044070.557735 sending message 105 to peer 0x13e5990 (20 bytes)
1498044070.557744 sending message 105 to peer 0x13e5990 (30 bytes)
1498044070.557754 sending message 105 to peer 0x13e5990 (22 bytes)
1498044070.557764 sending message 105 to peer 0x13e5990 (108 bytes)
1498044070.557774 sending message 105 to peer 0x13e5990 (16 bytes)
1498044070.557783 sending message 106 to peer 0x13e5990 (0 bytes)
1498044070.557794 sending message 200 to peer 0x13e5990 (4 bytes)
1498044070.557803 client loop enter
1498044070.559144 peer 0x13e5990 message 211
1498044070.559248 peer 0x13e5990 message 203
1498044070.559271 client loop exit
